<?xml version="1.0" encoding="UTF-8"?>
<testng-results ignored="0" total="4" passed="4" failed="0" skipped="0">
  <reporter-output>
  </reporter-output>
  <suite started-at="2024-03-31T02:35:07 WIB" name="PetSuite" finished-at="2024-03-31T02:35:54 WIB" duration-ms="47202">
    <groups>
    </groups>
    <test started-at="2024-03-31T02:35:07 WIB" name="PetTests" finished-at="2024-03-31T02:35:54 WIB" duration-ms="47202">
      <class name="api.test.UserTests2">
        <test-method is-config="true" signature="setup()[pri:0, instance:api.test.UserTests2@6302bbb1]" started-at="2024-03-31T02:35:08 WIB" name="setup" finished-at="2024-03-31T02:35:09 WIB" duration-ms="1242" status="PASS">
          <reporter-output>
          </reporter-output>
        </test-method> <!-- setup -->
        <test-method signature="testPostUser()[pri:1, instance:api.test.UserTests2@6302bbb1]" started-at="2024-03-31T02:35:09 WIB" name="testPostUser" finished-at="2024-03-31T02:35:19 WIB" duration-ms="10119" status="PASS">
          <reporter-output>
          </reporter-output>
        </test-method> <!-- testPostUser -->
        <test-method signature="testGetUserByName()[pri:2, instance:api.test.UserTests2@6302bbb1]" started-at="2024-03-31T02:35:19 WIB" name="testGetUserByName" finished-at="2024-03-31T02:35:27 WIB" duration-ms="7608" status="PASS">
          <reporter-output>
          </reporter-output>
        </test-method> <!-- testGetUserByName -->
        <test-method signature="testUpdateUserByName()[pri:3, instance:api.test.UserTests2@6302bbb1]" started-at="2024-03-31T02:35:27 WIB" name="testUpdateUserByName" finished-at="2024-03-31T02:35:46 WIB" duration-ms="19724" status="PASS">
          <reporter-output>
          </reporter-output>
        </test-method> <!-- testUpdateUserByName -->
        <test-method signature="testDeleteUserByName()[pri:4, instance:api.test.UserTests2@6302bbb1]" started-at="2024-03-31T02:35:46 WIB" name="testDeleteUserByName" finished-at="2024-03-31T02:35:54 WIB" duration-ms="7996" status="PASS">
          <reporter-output>
          </reporter-output>
        </test-method> <!-- testDeleteUserByName -->
      </class> <!-- api.test.UserTests2 -->
    </test> <!-- PetTests -->
  </suite> <!-- PetSuite -->
</testng-results>
