<?xml version="1.0" encoding="UTF-8"?>
<!-- Generated by org.testng.reporters.JUnitXMLReporter -->
<testsuite ignored="0" hostname="DESKTOP-88A1DLB" failures="0" tests="4" name="PetTests" time="47.202" errors="0" timestamp="2024-03-31T02:35:55 WIB">
  <testcase classname="api.test.UserTests2" name="testPostUser" time="10.119"/>
  <testcase classname="api.test.UserTests2" name="testGetUserByName" time="7.608"/>
  <testcase classname="api.test.UserTests2" name="testUpdateUserByName" time="19.724"/>
  <testcase classname="api.test.UserTests2" name="testDeleteUserByName" time="7.996"/>
</testsuite> <!-- PetTests -->
